<?xml version="1.0" encoding="UTF-8"?>
<!-- Generated by org.testng.reporters.JUnitReportReporter -->
<testsuite hostname="DESKTOP-8COVQ3R" failures="0" tests="1" name="amazontestng.Searchlist" time="37.030" errors="0" timestamp="2021-12-13T15:24:21 IST" skipped="0">
  <testcase classname="amazontestng.Searchlist" name="f" time="37.030"/>
  <system-out/>
</testsuite> <!-- amazontestng.Searchlist -->
